<?xml version="1.0" encoding="UTF-8"?>
<!-- Generated by org.testng.reporters.JUnitReportReporter -->
<testsuite hostname="DESKTOP-5BKKI8L" failures="0" tests="2" name="com.allianz.test.LoginUITest" time="12.268" errors="0" timestamp="2024-04-03T23:43:16 PDT" skipped="0">
  <testcase classname="com.allianz.test.LoginUITest" name="applicationDescriptionTest" time="6.650"/>
  <testcase classname="com.allianz.test.LoginUITest" name="titleTest" time="5.618"/>
</testsuite> <!-- com.allianz.test.LoginUITest -->
