<?xml version="1.0" encoding="UTF-8"?>
<!-- Generated by org.testng.reporters.JUnitReportReporter -->
<testsuite hostname="DESKTOP-5BKKI8L" failures="0" tests="4" name="com.allianz.test.LoginUITest" time="0.025" errors="0" timestamp="2024-04-03T00:51:09 PDT" skipped="0">
  <testcase classname="com.allianz.test.LoginUITest" name="titleTest" time="0.003"/>
  <testcase classname="com.allianz.test.LoginUITest" name="titleTest" time="0.011"/>
  <testcase classname="com.allianz.test.LoginUITest" name="titleTest" time="0.007"/>
  <testcase classname="com.allianz.test.LoginUITest" name="applicationDescriptionTest" time="0.004"/>
</testsuite> <!-- com.allianz.test.LoginUITest -->
